  bg.cpp
  bomb.cpp
  bullet.cpp
  enemy.cpp
  explosion.cpp
  fade.cpp
  fence.cpp
  input.cpp
  keyboard.cpp
  main.cpp
  manager.cpp
  mouse.cpp
  number.cpp
  operation.cpp
  player.cpp
  renderer.cpp
  result.cpp
  reticule.cpp
  scene.cpp
  scene2d.cpp
  コンパイル中...
  score.cpp
  sound.cpp
  title.cpp
  transition.cpp
  コード生成しています。
  All 236 functions were compiled because no usable IPDB/IOBJ from previous compilation was found.
  コード生成が終了しました。
  いらすとやうぉーず開発環境.vcxproj -> C:\Users\gsp026\Desktop\作品提出\いらすとやうぉーず開発環境\Release\いらすとやうぉーず開発環境.exe
  いらすとやうぉーず開発環境.vcxproj -> C:\Users\gsp026\Desktop\作品提出\いらすとやうぉーず開発環境\Release\いらすとやうぉーず開発環境.pdb (Full PDB)
